0 info it worked if it ends with ok
1 verbose cli [ 'C:\\Program Files\\nodejs\\\\node.exe',
1 verbose cli   'C:\\Program Files\\nodejs\\node_modules\\npm\\bin\\npm-cli.js',
1 verbose cli   'install',
1 verbose cli   'express' ]
2 info using npm@1.4.28
3 info using node@v0.10.36
4 verbose node symlink C:\Program Files\nodejs\\node.exe
5 verbose readDependencies using package.json deps
6 verbose cache add [ 'express', null ]
7 verbose cache add name=undefined spec="express" args=["express",null]
8 verbose parsed url { protocol: null,
8 verbose parsed url   slashes: null,
8 verbose parsed url   auth: null,
8 verbose parsed url   host: null,
8 verbose parsed url   port: null,
8 verbose parsed url   hostname: null,
8 verbose parsed url   hash: null,
8 verbose parsed url   search: null,
8 verbose parsed url   query: null,
8 verbose parsed url   pathname: 'express',
8 verbose parsed url   path: 'express',
8 verbose parsed url   href: 'express' }
9 silly lockFile f3c62de4-express express
10 verbose lock express C:\Users\Jijba\AppData\Roaming\npm-cache\f3c62de4-express.lock
11 silly lockFile f3c62de4-express express
12 silly lockFile f3c62de4-express express
13 verbose addNamed [ 'express', '' ]
14 verbose addNamed [ null, '*' ]
15 silly lockFile 64a534c1-express express@
16 verbose lock express@ C:\Users\Jijba\AppData\Roaming\npm-cache\64a534c1-express.lock
17 silly addNameRange { name: 'express', range: '*', hasData: false }
18 verbose request where is /express
19 verbose request registry https://registry.npmjs.org/
20 verbose request id 24c95c049f994985
21 verbose url raw /express
22 verbose url resolving [ 'https://registry.npmjs.org/', './express' ]
23 verbose url resolved https://registry.npmjs.org/express
24 verbose request where is https://registry.npmjs.org/express
25 info trying registry request attempt 1 at 01:51:24
26 http GET https://registry.npmjs.org/express
27 info retry will retry, error on last attempt: Error: tunneling socket could not be established, cause=getaddrinfo ENOTFOUND
28 info trying registry request attempt 2 at 01:51:37
29 http GET https://registry.npmjs.org/express
30 info retry will retry, error on last attempt: Error: tunneling socket could not be established, cause=getaddrinfo ENOTFOUND
31 info trying registry request attempt 3 at 01:52:39
32 http GET https://registry.npmjs.org/express
33 silly lockFile 64a534c1-express express@
34 silly lockFile 64a534c1-express express@
35 error network tunneling socket could not be established, cause=getaddrinfo ENOTFOUND
35 error network This is most likely not a problem with npm itself
35 error network and is related to network connectivity.
35 error network In most cases you are behind a proxy or have bad network settings.
35 error network
35 error network If you are behind a proxy, please make sure that the
35 error network 'proxy' config is set properly.  See: 'npm help config'
36 error System Windows_NT 6.2.9200
37 error command "C:\\Program Files\\nodejs\\\\node.exe" "C:\\Program Files\\nodejs\\node_modules\\npm\\bin\\npm-cli.js" "install" "express"
38 error cwd G:\wamp\www\laravel
39 error node -v v0.10.36
40 error npm -v 1.4.28
41 error code ECONNRESET
42 verbose exit [ 1, true ]
