[2016-01-16 20:04:03] production.ERROR: exception 'ErrorException' with message 'print_r() expects at least 1 parameter, 0 given' in F:\wamp\www\laravel\app\Http\Controllers\UserController.php:81
Stack trace:
#0 [internal function]: Illuminate\Foundation\Bootstrap\HandleExceptions->handleError(2, 'print_r() expec...', 'F:\\wamp\\www\\lar...', 81, Array)
#1 F:\wamp\www\laravel\app\Http\Controllers\UserController.php(81): print_r()
#2 [internal function]: App\Http\Controllers\UserController->mla_signup()
#3 F:\wamp\www\laravel\vendor\laravel\framework\src\Illuminate\Routing\Controller.php(246): call_user_func_array(Array, Array)
#4 F:\wamp\www\laravel\vendor\laravel\framework\src\Illuminate\Routing\ControllerDispatcher.php(162): Illuminate\Routing\Controller->callAction('mla_signup', Array)
#5 F:\wamp\www\laravel\vendor\laravel\framework\src\Illuminate\Routing\ControllerDispatcher.php(107): Illuminate\Routing\ControllerDispatcher->call(Object(App\Http\Controllers\UserController), Object(Illuminate\Routing\Route), 'mla_signup')
#6 [internal function]: Illuminate\Routing\ControllerDispatcher->Illuminate\Routing\{closure}(Object(Illuminate\Http\Request))
#7 F:\wamp\www\laravel\vendor\laravel\framework\src\Illuminate\Pipeline\Pipeline.php(141): call_user_func(Object(Closure), Object(Illuminate\Http\Request))
#8 [internal function]: Illuminate\Pipeline\Pipeline->Illuminate\Pipeline\{closure}(Object(Illuminate\Http\Request))
#9 F:\wamp\www\laravel\vendor\laravel\framework\src\Illuminate\Pipeline\Pipeline.php(101): call_user_func(Object(Closure), Object(Illuminate\Http\Request))
#10 F:\wamp\www\laravel\vendor\laravel\framework\src\Illuminate\Routing\ControllerDispatcher.php(108): Illuminate\Pipeline\Pipeline->then(Object(Closure))
#11 F:\wamp\www\laravel\vendor\laravel\framework\src\Illuminate\Routing\ControllerDispatcher.php(67): Illuminate\Routing\ControllerDispatcher->callWithinStack(Object(App\Http\Controllers\UserController), Object(Illuminate\Routing\Route), Object(Illuminate\Http\Request), 'mla_signup')
#12 F:\wamp\www\laravel\vendor\laravel\framework\src\Illuminate\Routing\Route.php(204): Illuminate\Routing\ControllerDispatcher->dispatch(Object(Illuminate\Routing\Route), Object(Illuminate\Http\Request), 'App\\Http\\Contro...', 'mla_signup')
#13 F:\wamp\www\laravel\vendor\laravel\framework\src\Illuminate\Routing\Route.php(134): Illuminate\Routing\Route->runWithCustomDispatcher(Object(Illuminate\Http\Request))
#14 F:\wamp\www\laravel\vendor\laravel\framework\src\Illuminate\Routing\Router.php(701): Illuminate\Routing\Route->run(Object(Illuminate\Http\Request))
#15 [internal function]: Illuminate\Routing\Router->Illuminate\Routing\{closure}(Object(Illuminate\Http\Request))
#16 F:\wamp\www\laravel\vendor\laravel\framework\src\Illuminate\Pipeline\Pipeline.php(141): call_user_func(Object(Closure), Object(Illuminate\Http\Request))
#17 [internal function]: Illuminate\Pipeline\Pipeline->Illuminate\Pipeline\{closure}(Object(Illuminate\Http\Request))
#18 F:\wamp\www\laravel\vendor\laravel\framework\src\Illuminate\Pipeline\Pipeline.php(101): call_user_func(Object(Closure), Object(Illuminate\Http\Request))
#19 F:\wamp\www\laravel\vendor\laravel\framework\src\Illuminate\Routing\Router.php(703): Illuminate\Pipeline\Pipeline->then(Object(Closure))
#20 F:\wamp\www\laravel\vendor\laravel\framework\src\Illuminate\Routing\Router.php(670): Illuminate\Routing\Router->runRouteWithinStack(Object(Illuminate\Routing\Route), Object(Illuminate\Http\Request))
#21 F:\wamp\www\laravel\vendor\laravel\framework\src\Illuminate\Routing\Router.php(628): Illuminate\Routing\Router->dispatchToRoute(Object(Illuminate\Http\Request))
#22 F:\wamp\www\laravel\vendor\laravel\framework\src\Illuminate\Foundation\Http\Kernel.php(214): Illuminate\Routing\Router->dispatch(Object(Illuminate\Http\Request))
#23 [internal function]: Illuminate\Foundation\Http\Kernel->Illuminate\Foundation\Http\{closure}(Object(Illuminate\Http\Request))
#24 F:\wamp\www\laravel\vendor\laravel\framework\src\Illuminate\Pipeline\Pipeline.php(141): call_user_func(Object(Closure), Object(Illuminate\Http\Request))
#25 F:\wamp\www\laravel\vendor\laravel\framework\src\Illuminate\View\Middleware\ShareErrorsFromSession.php(55): Illuminate\Pipeline\Pipeline->Illuminate\Pipeline\{closure}(Object(Illuminate\Http\Request))
#26 F:\wamp\www\laravel\vendor\laravel\framework\src\Illuminate\Pipeline\Pipeline.php(125): Illuminate\View\Middleware\ShareErrorsFromSession->handle(Object(Illuminate\Http\Request), Object(Closure))
#27 F:\wamp\www\laravel\vendor\laravel\framework\src\Illuminate\Session\Middleware\StartSession.php(61): Illuminate\Pipeline\Pipeline->Illuminate\Pipeline\{closure}(Object(Illuminate\Http\Request))
#28 F:\wamp\www\laravel\vendor\laravel\framework\src\Illuminate\Pipeline\Pipeline.php(125): Illuminate\Session\Middleware\StartSession->handle(Object(Illuminate\Http\Request), Object(Closure))
#29 F:\wamp\www\laravel\vendor\laravel\framework\src\Illuminate\Cookie\Middleware\AddQueuedCookiesToResponse.php(36): Illuminate\Pipeline\Pipeline->Illuminate\Pipeline\{closure}(Object(Illuminate\Http\Request))
#30 F:\wamp\www\laravel\vendor\laravel\framework\src\Illuminate\Pipeline\Pipeline.php(125): Illuminate\Cookie\Middleware\AddQueuedCookiesToResponse->handle(Object(Illuminate\Http\Request), Object(Closure))
#31 F:\wamp\www\laravel\vendor\laravel\framework\src\Illuminate\Cookie\Middleware\EncryptCookies.php(40): Illuminate\Pipeline\Pipeline->Illuminate\Pipeline\{closure}(Object(Illuminate\Http\Request))
#32 F:\wamp\www\laravel\vendor\laravel\framework\src\Illuminate\Pipeline\Pipeline.php(125): Illuminate\Cookie\Middleware\EncryptCookies->handle(Object(Illuminate\Http\Request), Object(Closure))
#33 F:\wamp\www\laravel\vendor\laravel\framework\src\Illuminate\Foundation\Http\Middleware\CheckForMaintenanceMode.php(42): Illuminate\Pipeline\Pipeline->Illuminate\Pipeline\{closure}(Object(Illuminate\Http\Request))
#34 F:\wamp\www\laravel\vendor\laravel\framework\src\Illuminate\Pipeline\Pipeline.php(125): Illuminate\Foundation\Http\Middleware\CheckForMaintenanceMode->handle(Object(Illuminate\Http\Request), Object(Closure))
#35 [internal function]: Illuminate\Pipeline\Pipeline->Illuminate\Pipeline\{closure}(Object(Illuminate\Http\Request))
#36 F:\wamp\www\laravel\vendor\laravel\framework\src\Illuminate\Pipeline\Pipeline.php(101): call_user_func(Object(Closure), Object(Illuminate\Http\Request))
#37 F:\wamp\www\laravel\vendor\laravel\framework\src\Illuminate\Foundation\Http\Kernel.php(115): Illuminate\Pipeline\Pipeline->then(Object(Closure))
#38 F:\wamp\www\laravel\vendor\laravel\framework\src\Illuminate\Foundation\Http\Kernel.php(84): Illuminate\Foundation\Http\Kernel->sendRequestThroughRouter(Object(Illuminate\Http\Request))
#39 F:\wamp\www\laravel\public\index.php(53): Illuminate\Foundation\Http\Kernel->handle(Object(Illuminate\Http\Request))
#40 {main}  
[2016-01-16 20:05:27] production.ERROR: exception 'ErrorException' with message 'print_r() expects at least 1 parameter, 0 given' in F:\wamp\www\laravel\app\Http\Controllers\UserController.php:81
Stack trace:
#0 [internal function]: Illuminate\Foundation\Bootstrap\HandleExceptions->handleError(2, 'print_r() expec...', 'F:\\wamp\\www\\lar...', 81, Array)
#1 F:\wamp\www\laravel\app\Http\Controllers\UserController.php(81): print_r()
#2 [internal function]: App\Http\Controllers\UserController->mla_signup()
#3 F:\wamp\www\laravel\vendor\laravel\framework\src\Illuminate\Routing\Controller.php(246): call_user_func_array(Array, Array)
#4 F:\wamp\www\laravel\vendor\laravel\framework\src\Illuminate\Routing\ControllerDispatcher.php(162): Illuminate\Routing\Controller->callAction('mla_signup', Array)
#5 F:\wamp\www\laravel\vendor\laravel\framework\src\Illuminate\Routing\ControllerDispatcher.php(107): Illuminate\Routing\ControllerDispatcher->call(Object(App\Http\Controllers\UserController), Object(Illuminate\Routing\Route), 'mla_signup')
#6 [internal function]: Illuminate\Routing\ControllerDispatcher->Illuminate\Routing\{closure}(Object(Illuminate\Http\Request))
#7 F:\wamp\www\laravel\vendor\laravel\framework\src\Illuminate\Pipeline\Pipeline.php(141): call_user_func(Object(Closure), Object(Illuminate\Http\Request))
#8 [internal function]: Illuminate\Pipeline\Pipeline->Illuminate\Pipeline\{closure}(Object(Illuminate\Http\Request))
#9 F:\wamp\www\laravel\vendor\laravel\framework\src\Illuminate\Pipeline\Pipeline.php(101): call_user_func(Object(Closure), Object(Illuminate\Http\Request))
#10 F:\wamp\www\laravel\vendor\laravel\framework\src\Illuminate\Routing\ControllerDispatcher.php(108): Illuminate\Pipeline\Pipeline->then(Object(Closure))
#11 F:\wamp\www\laravel\vendor\laravel\framework\src\Illuminate\Routing\ControllerDispatcher.php(67): Illuminate\Routing\ControllerDispatcher->callWithinStack(Object(App\Http\Controllers\UserController), Object(Illuminate\Routing\Route), Object(Illuminate\Http\Request), 'mla_signup')
#12 F:\wamp\www\laravel\vendor\laravel\framework\src\Illuminate\Routing\Route.php(204): Illuminate\Routing\ControllerDispatcher->dispatch(Object(Illuminate\Routing\Route), Object(Illuminate\Http\Request), 'App\\Http\\Contro...', 'mla_signup')
#13 F:\wamp\www\laravel\vendor\laravel\framework\src\Illuminate\Routing\Route.php(134): Illuminate\Routing\Route->runWithCustomDispatcher(Object(Illuminate\Http\Request))
#14 F:\wamp\www\laravel\vendor\laravel\framework\src\Illuminate\Routing\Router.php(701): Illuminate\Routing\Route->run(Object(Illuminate\Http\Request))
#15 [internal function]: Illuminate\Routing\Router->Illuminate\Routing\{closure}(Object(Illuminate\Http\Request))
#16 F:\wamp\www\laravel\vendor\laravel\framework\src\Illuminate\Pipeline\Pipeline.php(141): call_user_func(Object(Closure), Object(Illuminate\Http\Request))
#17 [internal function]: Illuminate\Pipeline\Pipeline->Illuminate\Pipeline\{closure}(Object(Illuminate\Http\Request))
#18 F:\wamp\www\laravel\vendor\laravel\framework\src\Illuminate\Pipeline\Pipeline.php(101): call_user_func(Object(Closure), Object(Illuminate\Http\Request))
#19 F:\wamp\www\laravel\vendor\laravel\framework\src\Illuminate\Routing\Router.php(703): Illuminate\Pipeline\Pipeline->then(Object(Closure))
#20 F:\wamp\www\laravel\vendor\laravel\framework\src\Illuminate\Routing\Router.php(670): Illuminate\Routing\Router->runRouteWithinStack(Object(Illuminate\Routing\Route), Object(Illuminate\Http\Request))
#21 F:\wamp\www\laravel\vendor\laravel\framework\src\Illuminate\Routing\Router.php(628): Illuminate\Routing\Router->dispatchToRoute(Object(Illuminate\Http\Request))
#22 F:\wamp\www\laravel\vendor\laravel\framework\src\Illuminate\Foundation\Http\Kernel.php(214): Illuminate\Routing\Router->dispatch(Object(Illuminate\Http\Request))
#23 [internal function]: Illuminate\Foundation\Http\Kernel->Illuminate\Foundation\Http\{closure}(Object(Illuminate\Http\Request))
#24 F:\wamp\www\laravel\vendor\laravel\framework\src\Illuminate\Pipeline\Pipeline.php(141): call_user_func(Object(Closure), Object(Illuminate\Http\Request))
#25 F:\wamp\www\laravel\vendor\laravel\framework\src\Illuminate\View\Middleware\ShareErrorsFromSession.php(55): Illuminate\Pipeline\Pipeline->Illuminate\Pipeline\{closure}(Object(Illuminate\Http\Request))
#26 F:\wamp\www\laravel\vendor\laravel\framework\src\Illuminate\Pipeline\Pipeline.php(125): Illuminate\View\Middleware\ShareErrorsFromSession->handle(Object(Illuminate\Http\Request), Object(Closure))
#27 F:\wamp\www\laravel\vendor\laravel\framework\src\Illuminate\Session\Middleware\StartSession.php(61): Illuminate\Pipeline\Pipeline->Illuminate\Pipeline\{closure}(Object(Illuminate\Http\Request))
#28 F:\wamp\www\laravel\vendor\laravel\framework\src\Illuminate\Pipeline\Pipeline.php(125): Illuminate\Session\Middleware\StartSession->handle(Object(Illuminate\Http\Request), Object(Closure))
#29 F:\wamp\www\laravel\vendor\laravel\framework\src\Illuminate\Cookie\Middleware\AddQueuedCookiesToResponse.php(36): Illuminate\Pipeline\Pipeline->Illuminate\Pipeline\{closure}(Object(Illuminate\Http\Request))
#30 F:\wamp\www\laravel\vendor\laravel\framework\src\Illuminate\Pipeline\Pipeline.php(125): Illuminate\Cookie\Middleware\AddQueuedCookiesToResponse->handle(Object(Illuminate\Http\Request), Object(Closure))
#31 F:\wamp\www\laravel\vendor\laravel\framework\src\Illuminate\Cookie\Middleware\EncryptCookies.php(40): Illuminate\Pipeline\Pipeline->Illuminate\Pipeline\{closure}(Object(Illuminate\Http\Request))
#32 F:\wamp\www\laravel\vendor\laravel\framework\src\Illuminate\Pipeline\Pipeline.php(125): Illuminate\Cookie\Middleware\EncryptCookies->handle(Object(Illuminate\Http\Request), Object(Closure))
#33 F:\wamp\www\laravel\vendor\laravel\framework\src\Illuminate\Foundation\Http\Middleware\CheckForMaintenanceMode.php(42): Illuminate\Pipeline\Pipeline->Illuminate\Pipeline\{closure}(Object(Illuminate\Http\Request))
#34 F:\wamp\www\laravel\vendor\laravel\framework\src\Illuminate\Pipeline\Pipeline.php(125): Illuminate\Foundation\Http\Middleware\CheckForMaintenanceMode->handle(Object(Illuminate\Http\Request), Object(Closure))
#35 [internal function]: Illuminate\Pipeline\Pipeline->Illuminate\Pipeline\{closure}(Object(Illuminate\Http\Request))
#36 F:\wamp\www\laravel\vendor\laravel\framework\src\Illuminate\Pipeline\Pipeline.php(101): call_user_func(Object(Closure), Object(Illuminate\Http\Request))
#37 F:\wamp\www\laravel\vendor\laravel\framework\src\Illuminate\Foundation\Http\Kernel.php(115): Illuminate\Pipeline\Pipeline->then(Object(Closure))
#38 F:\wamp\www\laravel\vendor\laravel\framework\src\Illuminate\Foundation\Http\Kernel.php(84): Illuminate\Foundation\Http\Kernel->sendRequestThroughRouter(Object(Illuminate\Http\Request))
#39 F:\wamp\www\laravel\public\index.php(53): Illuminate\Foundation\Http\Kernel->handle(Object(Illuminate\Http\Request))
#40 {main}  
[2016-01-16 20:10:42] production.ERROR: exception 'ErrorException' with message 'print_r() expects at least 1 parameter, 0 given' in F:\wamp\www\laravel\app\Http\Controllers\UserController.php:36
Stack trace:
#0 [internal function]: Illuminate\Foundation\Bootstrap\HandleExceptions->handleError(2, 'print_r() expec...', 'F:\\wamp\\www\\lar...', 36, Array)
#1 F:\wamp\www\laravel\app\Http\Controllers\UserController.php(36): print_r()
#2 [internal function]: App\Http\Controllers\UserController->signup()
#3 F:\wamp\www\laravel\vendor\laravel\framework\src\Illuminate\Routing\Controller.php(246): call_user_func_array(Array, Array)
#4 F:\wamp\www\laravel\vendor\laravel\framework\src\Illuminate\Routing\ControllerDispatcher.php(162): Illuminate\Routing\Controller->callAction('signup', Array)
#5 F:\wamp\www\laravel\vendor\laravel\framework\src\Illuminate\Routing\ControllerDispatcher.php(107): Illuminate\Routing\ControllerDispatcher->call(Object(App\Http\Controllers\UserController), Object(Illuminate\Routing\Route), 'signup')
#6 [internal function]: Illuminate\Routing\ControllerDispatcher->Illuminate\Routing\{closure}(Object(Illuminate\Http\Request))
#7 F:\wamp\www\laravel\vendor\laravel\framework\src\Illuminate\Pipeline\Pipeline.php(141): call_user_func(Object(Closure), Object(Illuminate\Http\Request))
#8 [internal function]: Illuminate\Pipeline\Pipeline->Illuminate\Pipeline\{closure}(Object(Illuminate\Http\Request))
#9 F:\wamp\www\laravel\vendor\laravel\framework\src\Illuminate\Pipeline\Pipeline.php(101): call_user_func(Object(Closure), Object(Illuminate\Http\Request))
#10 F:\wamp\www\laravel\vendor\laravel\framework\src\Illuminate\Routing\ControllerDispatcher.php(108): Illuminate\Pipeline\Pipeline->then(Object(Closure))
#11 F:\wamp\www\laravel\vendor\laravel\framework\src\Illuminate\Routing\ControllerDispatcher.php(67): Illuminate\Routing\ControllerDispatcher->callWithinStack(Object(App\Http\Controllers\UserController), Object(Illuminate\Routing\Route), Object(Illuminate\Http\Request), 'signup')
#12 F:\wamp\www\laravel\vendor\laravel\framework\src\Illuminate\Routing\Route.php(204): Illuminate\Routing\ControllerDispatcher->dispatch(Object(Illuminate\Routing\Route), Object(Illuminate\Http\Request), 'App\\Http\\Contro...', 'signup')
#13 F:\wamp\www\laravel\vendor\laravel\framework\src\Illuminate\Routing\Route.php(134): Illuminate\Routing\Route->runWithCustomDispatcher(Object(Illuminate\Http\Request))
#14 F:\wamp\www\laravel\vendor\laravel\framework\src\Illuminate\Routing\Router.php(701): Illuminate\Routing\Route->run(Object(Illuminate\Http\Request))
#15 [internal function]: Illuminate\Routing\Router->Illuminate\Routing\{closure}(Object(Illuminate\Http\Request))
#16 F:\wamp\www\laravel\vendor\laravel\framework\src\Illuminate\Pipeline\Pipeline.php(141): call_user_func(Object(Closure), Object(Illuminate\Http\Request))
#17 [internal function]: Illuminate\Pipeline\Pipeline->Illuminate\Pipeline\{closure}(Object(Illuminate\Http\Request))
#18 F:\wamp\www\laravel\vendor\laravel\framework\src\Illuminate\Pipeline\Pipeline.php(101): call_user_func(Object(Closure), Object(Illuminate\Http\Request))
#19 F:\wamp\www\laravel\vendor\laravel\framework\src\Illuminate\Routing\Router.php(703): Illuminate\Pipeline\Pipeline->then(Object(Closure))
#20 F:\wamp\www\laravel\vendor\laravel\framework\src\Illuminate\Routing\Router.php(670): Illuminate\Routing\Router->runRouteWithinStack(Object(Illuminate\Routing\Route), Object(Illuminate\Http\Request))
#21 F:\wamp\www\laravel\vendor\laravel\framework\src\Illuminate\Routing\Router.php(628): Illuminate\Routing\Router->dispatchToRoute(Object(Illuminate\Http\Request))
#22 F:\wamp\www\laravel\vendor\laravel\framework\src\Illuminate\Foundation\Http\Kernel.php(214): Illuminate\Routing\Router->dispatch(Object(Illuminate\Http\Request))
#23 [internal function]: Illuminate\Foundation\Http\Kernel->Illuminate\Foundation\Http\{closure}(Object(Illuminate\Http\Request))
#24 F:\wamp\www\laravel\vendor\laravel\framework\src\Illuminate\Pipeline\Pipeline.php(141): call_user_func(Object(Closure), Object(Illuminate\Http\Request))
#25 F:\wamp\www\laravel\vendor\laravel\framework\src\Illuminate\View\Middleware\ShareErrorsFromSession.php(55): Illuminate\Pipeline\Pipeline->Illuminate\Pipeline\{closure}(Object(Illuminate\Http\Request))
#26 F:\wamp\www\laravel\vendor\laravel\framework\src\Illuminate\Pipeline\Pipeline.php(125): Illuminate\View\Middleware\ShareErrorsFromSession->handle(Object(Illuminate\Http\Request), Object(Closure))
#27 F:\wamp\www\laravel\vendor\laravel\framework\src\Illuminate\Session\Middleware\StartSession.php(61): Illuminate\Pipeline\Pipeline->Illuminate\Pipeline\{closure}(Object(Illuminate\Http\Request))
#28 F:\wamp\www\laravel\vendor\laravel\framework\src\Illuminate\Pipeline\Pipeline.php(125): Illuminate\Session\Middleware\StartSession->handle(Object(Illuminate\Http\Request), Object(Closure))
#29 F:\wamp\www\laravel\vendor\laravel\framework\src\Illuminate\Cookie\Middleware\AddQueuedCookiesToResponse.php(36): Illuminate\Pipeline\Pipeline->Illuminate\Pipeline\{closure}(Object(Illuminate\Http\Request))
#30 F:\wamp\www\laravel\vendor\laravel\framework\src\Illuminate\Pipeline\Pipeline.php(125): Illuminate\Cookie\Middleware\AddQueuedCookiesToResponse->handle(Object(Illuminate\Http\Request), Object(Closure))
#31 F:\wamp\www\laravel\vendor\laravel\framework\src\Illuminate\Cookie\Middleware\EncryptCookies.php(40): Illuminate\Pipeline\Pipeline->Illuminate\Pipeline\{closure}(Object(Illuminate\Http\Request))
#32 F:\wamp\www\laravel\vendor\laravel\framework\src\Illuminate\Pipeline\Pipeline.php(125): Illuminate\Cookie\Middleware\EncryptCookies->handle(Object(Illuminate\Http\Request), Object(Closure))
#33 F:\wamp\www\laravel\vendor\laravel\framework\src\Illuminate\Foundation\Http\Middleware\CheckForMaintenanceMode.php(42): Illuminate\Pipeline\Pipeline->Illuminate\Pipeline\{closure}(Object(Illuminate\Http\Request))
#34 F:\wamp\www\laravel\vendor\laravel\framework\src\Illuminate\Pipeline\Pipeline.php(125): Illuminate\Foundation\Http\Middleware\CheckForMaintenanceMode->handle(Object(Illuminate\Http\Request), Object(Closure))
#35 [internal function]: Illuminate\Pipeline\Pipeline->Illuminate\Pipeline\{closure}(Object(Illuminate\Http\Request))
#36 F:\wamp\www\laravel\vendor\laravel\framework\src\Illuminate\Pipeline\Pipeline.php(101): call_user_func(Object(Closure), Object(Illuminate\Http\Request))
#37 F:\wamp\www\laravel\vendor\laravel\framework\src\Illuminate\Foundation\Http\Kernel.php(115): Illuminate\Pipeline\Pipeline->then(Object(Closure))
#38 F:\wamp\www\laravel\vendor\laravel\framework\src\Illuminate\Foundation\Http\Kernel.php(84): Illuminate\Foundation\Http\Kernel->sendRequestThroughRouter(Object(Illuminate\Http\Request))
#39 F:\wamp\www\laravel\public\index.php(53): Illuminate\Foundation\Http\Kernel->handle(Object(Illuminate\Http\Request))
#40 {main}  
[2016-01-16 20:14:52] production.ERROR: exception 'Symfony\Component\Debug\Exception\FatalErrorException' with message 'Call to undefined function App\Http\Controllers\table()' in F:\wamp\www\laravel\app\Http\Controllers\UserController.php:87
Stack trace:
#0 F:\wamp\www\laravel\vendor\laravel\framework\src\Illuminate\Foundation\Bootstrap\HandleExceptions.php(131): Symfony\Component\Debug\Exception\FatalErrorException->__construct()
#1 F:\wamp\www\laravel\vendor\laravel\framework\src\Illuminate\Foundation\Bootstrap\HandleExceptions.php(116): Illuminate\Foundation\Bootstrap\HandleExceptions->fatalExceptionFromError()
#2 F:\wamp\www\laravel\vendor\laravel\framework\src\Illuminate\Foundation\Bootstrap\HandleExceptions.php(0): Illuminate\Foundation\Bootstrap\HandleExceptions->handleShutdown()
#3 F:\wamp\www\laravel\vendor\laravel\framework\src\Illuminate\Routing\Controller.php(246): App\Http\Controllers\UserController->mla_signup()
#4 F:\wamp\www\laravel\vendor\laravel\framework\src\Illuminate\Routing\Controller.php(246): call_user_func_array:{F:\wamp\www\laravel\vendor\laravel\framework\src\Illuminate\Routing\Controller.php:246}()
#5 F:\wamp\www\laravel\vendor\laravel\framework\src\Illuminate\Routing\ControllerDispatcher.php(162): Illuminate\Routing\Controller->callAction()
#6 F:\wamp\www\laravel\vendor\laravel\framework\src\Illuminate\Routing\ControllerDispatcher.php(107): Illuminate\Routing\ControllerDispatcher->call()
#7 F:\wamp\www\laravel\vendor\laravel\framework\src\Illuminate\Pipeline\Pipeline.php(141): Illuminate\Routing\ControllerDispatcher->Illuminate\Routing\{closure}()
#8 F:\wamp\www\laravel\vendor\laravel\framework\src\Illuminate\Pipeline\Pipeline.php(141): call_user_func:{F:\wamp\www\laravel\vendor\laravel\framework\src\Illuminate\Pipeline\Pipeline.php:141}()
#9 F:\wamp\www\laravel\vendor\laravel\framework\src\Illuminate\Pipeline\Pipeline.php(101): Illuminate\Pipeline\Pipeline->Illuminate\Pipeline\{closure}()
#10 F:\wamp\www\laravel\vendor\laravel\framework\src\Illuminate\Pipeline\Pipeline.php(101): call_user_func:{F:\wamp\www\laravel\vendor\laravel\framework\src\Illuminate\Pipeline\Pipeline.php:101}()
#11 F:\wamp\www\laravel\vendor\laravel\framework\src\Illuminate\Routing\ControllerDispatcher.php(108): Illuminate\Pipeline\Pipeline->then()
#12 F:\wamp\www\laravel\vendor\laravel\framework\src\Illuminate\Routing\ControllerDispatcher.php(67): Illuminate\Routing\ControllerDispatcher->callWithinStack()
#13 F:\wamp\www\laravel\vendor\laravel\framework\src\Illuminate\Routing\Route.php(204): Illuminate\Routing\ControllerDispatcher->dispatch()
#14 F:\wamp\www\laravel\vendor\laravel\framework\src\Illuminate\Routing\Route.php(134): Illuminate\Routing\Route->runWithCustomDispatcher()
#15 F:\wamp\www\laravel\vendor\laravel\framework\src\Illuminate\Routing\Router.php(701): Illuminate\Routing\Route->run()
#16 F:\wamp\www\laravel\vendor\laravel\framework\src\Illuminate\Pipeline\Pipeline.php(141): Illuminate\Routing\Router->Illuminate\Routing\{closure}()
#17 F:\wamp\www\laravel\vendor\laravel\framework\src\Illuminate\Pipeline\Pipeline.php(141): call_user_func:{F:\wamp\www\laravel\vendor\laravel\framework\src\Illuminate\Pipeline\Pipeline.php:141}()
#18 F:\wamp\www\laravel\vendor\laravel\framework\src\Illuminate\Pipeline\Pipeline.php(101): Illuminate\Pipeline\Pipeline->Illuminate\Pipeline\{closure}()
#19 F:\wamp\www\laravel\vendor\laravel\framework\src\Illuminate\Pipeline\Pipeline.php(101): call_user_func:{F:\wamp\www\laravel\vendor\laravel\framework\src\Illuminate\Pipeline\Pipeline.php:101}()
#20 F:\wamp\www\laravel\vendor\laravel\framework\src\Illuminate\Routing\Router.php(703): Illuminate\Pipeline\Pipeline->then()
#21 F:\wamp\www\laravel\vendor\laravel\framework\src\Illuminate\Routing\Router.php(670): Illuminate\Routing\Router->runRouteWithinStack()
#22 F:\wamp\www\laravel\vendor\laravel\framework\src\Illuminate\Routing\Router.php(628): Illuminate\Routing\Router->dispatchToRoute()
#23 F:\wamp\www\laravel\vendor\laravel\framework\src\Illuminate\Foundation\Http\Kernel.php(214): Illuminate\Routing\Router->dispatch()
#24 F:\wamp\www\laravel\vendor\laravel\framework\src\Illuminate\Pipeline\Pipeline.php(141): Illuminate\Foundation\Http\Kernel->Illuminate\Foundation\Http\{closure}()
#25 F:\wamp\www\laravel\vendor\laravel\framework\src\Illuminate\Pipeline\Pipeline.php(141): call_user_func:{F:\wamp\www\laravel\vendor\laravel\framework\src\Illuminate\Pipeline\Pipeline.php:141}()
#26 F:\wamp\www\laravel\vendor\laravel\framework\src\Illuminate\View\Middleware\ShareErrorsFromSession.php(55): Illuminate\Pipeline\Pipeline->Illuminate\Pipeline\{closure}()
#27 F:\wamp\www\laravel\vendor\laravel\framework\src\Illuminate\Pipeline\Pipeline.php(125): Illuminate\View\Middleware\ShareErrorsFromSession->handle()
#28 F:\wamp\www\laravel\vendor\laravel\framework\src\Illuminate\Session\Middleware\StartSession.php(61): Illuminate\Pipeline\Pipeline->Illuminate\Pipeline\{closure}()
#29 F:\wamp\www\laravel\vendor\laravel\framework\src\Illuminate\Pipeline\Pipeline.php(125): Illuminate\Session\Middleware\StartSession->handle()
#30 F:\wamp\www\laravel\vendor\laravel\framework\src\Illuminate\Cookie\Middleware\AddQueuedCookiesToResponse.php(36): Illuminate\Pipeline\Pipeline->Illuminate\Pipeline\{closure}()
#31 F:\wamp\www\laravel\vendor\laravel\framework\src\Illuminate\Pipeline\Pipeline.php(125): Illuminate\Cookie\Middleware\AddQueuedCookiesToResponse->handle()
#32 F:\wamp\www\laravel\vendor\laravel\framework\src\Illuminate\Cookie\Middleware\EncryptCookies.php(40): Illuminate\Pipeline\Pipeline->Illuminate\Pipeline\{closure}()
#33 F:\wamp\www\laravel\vendor\laravel\framework\src\Illuminate\Pipeline\Pipeline.php(125): Illuminate\Cookie\Middleware\EncryptCookies->handle()
#34 F:\wamp\www\laravel\vendor\laravel\framework\src\Illuminate\Foundation\Http\Middleware\CheckForMaintenanceMode.php(42): Illuminate\Pipeline\Pipeline->Illuminate\Pipeline\{closure}()
#35 F:\wamp\www\laravel\vendor\laravel\framework\src\Illuminate\Pipeline\Pipeline.php(125): Illuminate\Foundation\Http\Middleware\CheckForMaintenanceMode->handle()
#36 F:\wamp\www\laravel\vendor\laravel\framework\src\Illuminate\Pipeline\Pipeline.php(101): Illuminate\Pipeline\Pipeline->Illuminate\Pipeline\{closure}()
#37 F:\wamp\www\laravel\vendor\laravel\framework\src\Illuminate\Pipeline\Pipeline.php(101): call_user_func:{F:\wamp\www\laravel\vendor\laravel\framework\src\Illuminate\Pipeline\Pipeline.php:101}()
#38 F:\wamp\www\laravel\vendor\laravel\framework\src\Illuminate\Foundation\Http\Kernel.php(115): Illuminate\Pipeline\Pipeline->then()
#39 F:\wamp\www\laravel\vendor\laravel\framework\src\Illuminate\Foundation\Http\Kernel.php(84): Illuminate\Foundation\Http\Kernel->sendRequestThroughRouter()
#40 F:\wamp\www\laravel\public\index.php(53): Illuminate\Foundation\Http\Kernel->handle()
#41 F:\wamp\www\laravel\public\index.php(0): {main}()
#42 {main}  
[2016-01-16 20:14:52] production.ERROR: exception 'Symfony\Component\Debug\Exception\FatalErrorException' with message 'Call to undefined function App\Http\Controllers\table()' in F:\wamp\www\laravel\app\Http\Controllers\UserController.php:87
Stack trace:
#0 F:\wamp\www\laravel\vendor\laravel\framework\src\Illuminate\Foundation\Bootstrap\HandleExceptions.php(131): Symfony\Component\Debug\Exception\FatalErrorException->__construct()
#1 F:\wamp\www\laravel\vendor\laravel\framework\src\Illuminate\Foundation\Bootstrap\HandleExceptions.php(116): Illuminate\Foundation\Bootstrap\HandleExceptions->fatalExceptionFromError()
#2 F:\wamp\www\laravel\vendor\laravel\framework\src\Illuminate\Foundation\Bootstrap\HandleExceptions.php(0): Illuminate\Foundation\Bootstrap\HandleExceptions->handleShutdown()
#3 F:\wamp\www\laravel\vendor\laravel\framework\src\Illuminate\Routing\Controller.php(246): App\Http\Controllers\UserController->mla_signup()
#4 F:\wamp\www\laravel\vendor\laravel\framework\src\Illuminate\Routing\Controller.php(246): call_user_func_array:{F:\wamp\www\laravel\vendor\laravel\framework\src\Illuminate\Routing\Controller.php:246}()
#5 F:\wamp\www\laravel\vendor\laravel\framework\src\Illuminate\Routing\ControllerDispatcher.php(162): Illuminate\Routing\Controller->callAction()
#6 F:\wamp\www\laravel\vendor\laravel\framework\src\Illuminate\Routing\ControllerDispatcher.php(107): Illuminate\Routing\ControllerDispatcher->call()
#7 F:\wamp\www\laravel\vendor\laravel\framework\src\Illuminate\Pipeline\Pipeline.php(141): Illuminate\Routing\ControllerDispatcher->Illuminate\Routing\{closure}()
#8 F:\wamp\www\laravel\vendor\laravel\framework\src\Illuminate\Pipeline\Pipeline.php(141): call_user_func:{F:\wamp\www\laravel\vendor\laravel\framework\src\Illuminate\Pipeline\Pipeline.php:141}()
#9 F:\wamp\www\laravel\vendor\laravel\framework\src\Illuminate\Pipeline\Pipeline.php(101): Illuminate\Pipeline\Pipeline->Illuminate\Pipeline\{closure}()
#10 F:\wamp\www\laravel\vendor\laravel\framework\src\Illuminate\Pipeline\Pipeline.php(101): call_user_func:{F:\wamp\www\laravel\vendor\laravel\framework\src\Illuminate\Pipeline\Pipeline.php:101}()
#11 F:\wamp\www\laravel\vendor\laravel\framework\src\Illuminate\Routing\ControllerDispatcher.php(108): Illuminate\Pipeline\Pipeline->then()
#12 F:\wamp\www\laravel\vendor\laravel\framework\src\Illuminate\Routing\ControllerDispatcher.php(67): Illuminate\Routing\ControllerDispatcher->callWithinStack()
#13 F:\wamp\www\laravel\vendor\laravel\framework\src\Illuminate\Routing\Route.php(204): Illuminate\Routing\ControllerDispatcher->dispatch()
#14 F:\wamp\www\laravel\vendor\laravel\framework\src\Illuminate\Routing\Route.php(134): Illuminate\Routing\Route->runWithCustomDispatcher()
#15 F:\wamp\www\laravel\vendor\laravel\framework\src\Illuminate\Routing\Router.php(701): Illuminate\Routing\Route->run()
#16 F:\wamp\www\laravel\vendor\laravel\framework\src\Illuminate\Pipeline\Pipeline.php(141): Illuminate\Routing\Router->Illuminate\Routing\{closure}()
#17 F:\wamp\www\laravel\vendor\laravel\framework\src\Illuminate\Pipeline\Pipeline.php(141): call_user_func:{F:\wamp\www\laravel\vendor\laravel\framework\src\Illuminate\Pipeline\Pipeline.php:141}()
#18 F:\wamp\www\laravel\vendor\laravel\framework\src\Illuminate\Pipeline\Pipeline.php(101): Illuminate\Pipeline\Pipeline->Illuminate\Pipeline\{closure}()
#19 F:\wamp\www\laravel\vendor\laravel\framework\src\Illuminate\Pipeline\Pipeline.php(101): call_user_func:{F:\wamp\www\laravel\vendor\laravel\framework\src\Illuminate\Pipeline\Pipeline.php:101}()
#20 F:\wamp\www\laravel\vendor\laravel\framework\src\Illuminate\Routing\Router.php(703): Illuminate\Pipeline\Pipeline->then()
#21 F:\wamp\www\laravel\vendor\laravel\framework\src\Illuminate\Routing\Router.php(670): Illuminate\Routing\Router->runRouteWithinStack()
#22 F:\wamp\www\laravel\vendor\laravel\framework\src\Illuminate\Routing\Router.php(628): Illuminate\Routing\Router->dispatchToRoute()
#23 F:\wamp\www\laravel\vendor\laravel\framework\src\Illuminate\Foundation\Http\Kernel.php(214): Illuminate\Routing\Router->dispatch()
#24 F:\wamp\www\laravel\vendor\laravel\framework\src\Illuminate\Pipeline\Pipeline.php(141): Illuminate\Foundation\Http\Kernel->Illuminate\Foundation\Http\{closure}()
#25 F:\wamp\www\laravel\vendor\laravel\framework\src\Illuminate\Pipeline\Pipeline.php(141): call_user_func:{F:\wamp\www\laravel\vendor\laravel\framework\src\Illuminate\Pipeline\Pipeline.php:141}()
#26 F:\wamp\www\laravel\vendor\laravel\framework\src\Illuminate\View\Middleware\ShareErrorsFromSession.php(55): Illuminate\Pipeline\Pipeline->Illuminate\Pipeline\{closure}()
#27 F:\wamp\www\laravel\vendor\laravel\framework\src\Illuminate\Pipeline\Pipeline.php(125): Illuminate\View\Middleware\ShareErrorsFromSession->handle()
#28 F:\wamp\www\laravel\vendor\laravel\framework\src\Illuminate\Session\Middleware\StartSession.php(61): Illuminate\Pipeline\Pipeline->Illuminate\Pipeline\{closure}()
#29 F:\wamp\www\laravel\vendor\laravel\framework\src\Illuminate\Pipeline\Pipeline.php(125): Illuminate\Session\Middleware\StartSession->handle()
#30 F:\wamp\www\laravel\vendor\laravel\framework\src\Illuminate\Cookie\Middleware\AddQueuedCookiesToResponse.php(36): Illuminate\Pipeline\Pipeline->Illuminate\Pipeline\{closure}()
#31 F:\wamp\www\laravel\vendor\laravel\framework\src\Illuminate\Pipeline\Pipeline.php(125): Illuminate\Cookie\Middleware\AddQueuedCookiesToResponse->handle()
#32 F:\wamp\www\laravel\vendor\laravel\framework\src\Illuminate\Cookie\Middleware\EncryptCookies.php(40): Illuminate\Pipeline\Pipeline->Illuminate\Pipeline\{closure}()
#33 F:\wamp\www\laravel\vendor\laravel\framework\src\Illuminate\Pipeline\Pipeline.php(125): Illuminate\Cookie\Middleware\EncryptCookies->handle()
#34 F:\wamp\www\laravel\vendor\laravel\framework\src\Illuminate\Foundation\Http\Middleware\CheckForMaintenanceMode.php(42): Illuminate\Pipeline\Pipeline->Illuminate\Pipeline\{closure}()
#35 F:\wamp\www\laravel\vendor\laravel\framework\src\Illuminate\Pipeline\Pipeline.php(125): Illuminate\Foundation\Http\Middleware\CheckForMaintenanceMode->handle()
#36 F:\wamp\www\laravel\vendor\laravel\framework\src\Illuminate\Pipeline\Pipeline.php(101): Illuminate\Pipeline\Pipeline->Illuminate\Pipeline\{closure}()
#37 F:\wamp\www\laravel\vendor\laravel\framework\src\Illuminate\Pipeline\Pipeline.php(101): call_user_func:{F:\wamp\www\laravel\vendor\laravel\framework\src\Illuminate\Pipeline\Pipeline.php:101}()
#38 F:\wamp\www\laravel\vendor\laravel\framework\src\Illuminate\Foundation\Http\Kernel.php(115): Illuminate\Pipeline\Pipeline->then()
#39 F:\wamp\www\laravel\vendor\laravel\framework\src\Illuminate\Foundation\Http\Kernel.php(84): Illuminate\Foundation\Http\Kernel->sendRequestThroughRouter()
#40 F:\wamp\www\laravel\public\index.php(53): Illuminate\Foundation\Http\Kernel->handle()
#41 F:\wamp\www\laravel\public\index.php(0): {main}()
#42 {main}  
[2016-01-16 20:28:37] production.ERROR: exception 'ErrorException' with message 'print_r() expects at least 1 parameter, 0 given' in F:\wamp\www\laravel\app\Http\Controllers\UserController.php:36
Stack trace:
#0 [internal function]: Illuminate\Foundation\Bootstrap\HandleExceptions->handleError(2, 'print_r() expec...', 'F:\\wamp\\www\\lar...', 36, Array)
#1 F:\wamp\www\laravel\app\Http\Controllers\UserController.php(36): print_r()
#2 [internal function]: App\Http\Controllers\UserController->signup()
#3 F:\wamp\www\laravel\vendor\laravel\framework\src\Illuminate\Routing\Controller.php(246): call_user_func_array(Array, Array)
#4 F:\wamp\www\laravel\vendor\laravel\framework\src\Illuminate\Routing\ControllerDispatcher.php(162): Illuminate\Routing\Controller->callAction('signup', Array)
#5 F:\wamp\www\laravel\vendor\laravel\framework\src\Illuminate\Routing\ControllerDispatcher.php(107): Illuminate\Routing\ControllerDispatcher->call(Object(App\Http\Controllers\UserController), Object(Illuminate\Routing\Route), 'signup')
#6 [internal function]: Illuminate\Routing\ControllerDispatcher->Illuminate\Routing\{closure}(Object(Illuminate\Http\Request))
#7 F:\wamp\www\laravel\vendor\laravel\framework\src\Illuminate\Pipeline\Pipeline.php(141): call_user_func(Object(Closure), Object(Illuminate\Http\Request))
#8 [internal function]: Illuminate\Pipeline\Pipeline->Illuminate\Pipeline\{closure}(Object(Illuminate\Http\Request))
#9 F:\wamp\www\laravel\vendor\laravel\framework\src\Illuminate\Pipeline\Pipeline.php(101): call_user_func(Object(Closure), Object(Illuminate\Http\Request))
#10 F:\wamp\www\laravel\vendor\laravel\framework\src\Illuminate\Routing\ControllerDispatcher.php(108): Illuminate\Pipeline\Pipeline->then(Object(Closure))
#11 F:\wamp\www\laravel\vendor\laravel\framework\src\Illuminate\Routing\ControllerDispatcher.php(67): Illuminate\Routing\ControllerDispatcher->callWithinStack(Object(App\Http\Controllers\UserController), Object(Illuminate\Routing\Route), Object(Illuminate\Http\Request), 'signup')
#12 F:\wamp\www\laravel\vendor\laravel\framework\src\Illuminate\Routing\Route.php(204): Illuminate\Routing\ControllerDispatcher->dispatch(Object(Illuminate\Routing\Route), Object(Illuminate\Http\Request), 'App\\Http\\Contro...', 'signup')
#13 F:\wamp\www\laravel\vendor\laravel\framework\src\Illuminate\Routing\Route.php(134): Illuminate\Routing\Route->runWithCustomDispatcher(Object(Illuminate\Http\Request))
#14 F:\wamp\www\laravel\vendor\laravel\framework\src\Illuminate\Routing\Router.php(701): Illuminate\Routing\Route->run(Object(Illuminate\Http\Request))
#15 [internal function]: Illuminate\Routing\Router->Illuminate\Routing\{closure}(Object(Illuminate\Http\Request))
#16 F:\wamp\www\laravel\vendor\laravel\framework\src\Illuminate\Pipeline\Pipeline.php(141): call_user_func(Object(Closure), Object(Illuminate\Http\Request))
#17 [internal function]: Illuminate\Pipeline\Pipeline->Illuminate\Pipeline\{closure}(Object(Illuminate\Http\Request))
#18 F:\wamp\www\laravel\vendor\laravel\framework\src\Illuminate\Pipeline\Pipeline.php(101): call_user_func(Object(Closure), Object(Illuminate\Http\Request))
#19 F:\wamp\www\laravel\vendor\laravel\framework\src\Illuminate\Routing\Router.php(703): Illuminate\Pipeline\Pipeline->then(Object(Closure))
#20 F:\wamp\www\laravel\vendor\laravel\framework\src\Illuminate\Routing\Router.php(670): Illuminate\Routing\Router->runRouteWithinStack(Object(Illuminate\Routing\Route), Object(Illuminate\Http\Request))
#21 F:\wamp\www\laravel\vendor\laravel\framework\src\Illuminate\Routing\Router.php(628): Illuminate\Routing\Router->dispatchToRoute(Object(Illuminate\Http\Request))
#22 F:\wamp\www\laravel\vendor\laravel\framework\src\Illuminate\Foundation\Http\Kernel.php(214): Illuminate\Routing\Router->dispatch(Object(Illuminate\Http\Request))
#23 [internal function]: Illuminate\Foundation\Http\Kernel->Illuminate\Foundation\Http\{closure}(Object(Illuminate\Http\Request))
#24 F:\wamp\www\laravel\vendor\laravel\framework\src\Illuminate\Pipeline\Pipeline.php(141): call_user_func(Object(Closure), Object(Illuminate\Http\Request))
#25 F:\wamp\www\laravel\vendor\laravel\framework\src\Illuminate\View\Middleware\ShareErrorsFromSession.php(55): Illuminate\Pipeline\Pipeline->Illuminate\Pipeline\{closure}(Object(Illuminate\Http\Request))
#26 F:\wamp\www\laravel\vendor\laravel\framework\src\Illuminate\Pipeline\Pipeline.php(125): Illuminate\View\Middleware\ShareErrorsFromSession->handle(Object(Illuminate\Http\Request), Object(Closure))
#27 F:\wamp\www\laravel\vendor\laravel\framework\src\Illuminate\Session\Middleware\StartSession.php(61): Illuminate\Pipeline\Pipeline->Illuminate\Pipeline\{closure}(Object(Illuminate\Http\Request))
#28 F:\wamp\www\laravel\vendor\laravel\framework\src\Illuminate\Pipeline\Pipeline.php(125): Illuminate\Session\Middleware\StartSession->handle(Object(Illuminate\Http\Request), Object(Closure))
#29 F:\wamp\www\laravel\vendor\laravel\framework\src\Illuminate\Cookie\Middleware\AddQueuedCookiesToResponse.php(36): Illuminate\Pipeline\Pipeline->Illuminate\Pipeline\{closure}(Object(Illuminate\Http\Request))
#30 F:\wamp\www\laravel\vendor\laravel\framework\src\Illuminate\Pipeline\Pipeline.php(125): Illuminate\Cookie\Middleware\AddQueuedCookiesToResponse->handle(Object(Illuminate\Http\Request), Object(Closure))
#31 F:\wamp\www\laravel\vendor\laravel\framework\src\Illuminate\Cookie\Middleware\EncryptCookies.php(40): Illuminate\Pipeline\Pipeline->Illuminate\Pipeline\{closure}(Object(Illuminate\Http\Request))
#32 F:\wamp\www\laravel\vendor\laravel\framework\src\Illuminate\Pipeline\Pipeline.php(125): Illuminate\Cookie\Middleware\EncryptCookies->handle(Object(Illuminate\Http\Request), Object(Closure))
#33 F:\wamp\www\laravel\vendor\laravel\framework\src\Illuminate\Foundation\Http\Middleware\CheckForMaintenanceMode.php(42): Illuminate\Pipeline\Pipeline->Illuminate\Pipeline\{closure}(Object(Illuminate\Http\Request))
#34 F:\wamp\www\laravel\vendor\laravel\framework\src\Illuminate\Pipeline\Pipeline.php(125): Illuminate\Foundation\Http\Middleware\CheckForMaintenanceMode->handle(Object(Illuminate\Http\Request), Object(Closure))
#35 [internal function]: Illuminate\Pipeline\Pipeline->Illuminate\Pipeline\{closure}(Object(Illuminate\Http\Request))
#36 F:\wamp\www\laravel\vendor\laravel\framework\src\Illuminate\Pipeline\Pipeline.php(101): call_user_func(Object(Closure), Object(Illuminate\Http\Request))
#37 F:\wamp\www\laravel\vendor\laravel\framework\src\Illuminate\Foundation\Http\Kernel.php(115): Illuminate\Pipeline\Pipeline->then(Object(Closure))
#38 F:\wamp\www\laravel\vendor\laravel\framework\src\Illuminate\Foundation\Http\Kernel.php(84): Illuminate\Foundation\Http\Kernel->sendRequestThroughRouter(Object(Illuminate\Http\Request))
#39 F:\wamp\www\laravel\public\index.php(53): Illuminate\Foundation\Http\Kernel->handle(Object(Illuminate\Http\Request))
#40 {main}  
[2016-01-16 20:29:04] production.ERROR: exception 'ErrorException' with message 'print_r() expects at least 1 parameter, 0 given' in F:\wamp\www\laravel\app\Http\Controllers\UserController.php:36
Stack trace:
#0 [internal function]: Illuminate\Foundation\Bootstrap\HandleExceptions->handleError(2, 'print_r() expec...', 'F:\\wamp\\www\\lar...', 36, Array)
#1 F:\wamp\www\laravel\app\Http\Controllers\UserController.php(36): print_r()
#2 [internal function]: App\Http\Controllers\UserController->signup()
#3 F:\wamp\www\laravel\vendor\laravel\framework\src\Illuminate\Routing\Controller.php(246): call_user_func_array(Array, Array)
#4 F:\wamp\www\laravel\vendor\laravel\framework\src\Illuminate\Routing\ControllerDispatcher.php(162): Illuminate\Routing\Controller->callAction('signup', Array)
#5 F:\wamp\www\laravel\vendor\laravel\framework\src\Illuminate\Routing\ControllerDispatcher.php(107): Illuminate\Routing\ControllerDispatcher->call(Object(App\Http\Controllers\UserController), Object(Illuminate\Routing\Route), 'signup')
#6 [internal function]: Illuminate\Routing\ControllerDispatcher->Illuminate\Routing\{closure}(Object(Illuminate\Http\Request))
#7 F:\wamp\www\laravel\vendor\laravel\framework\src\Illuminate\Pipeline\Pipeline.php(141): call_user_func(Object(Closure), Object(Illuminate\Http\Request))
#8 [internal function]: Illuminate\Pipeline\Pipeline->Illuminate\Pipeline\{closure}(Object(Illuminate\Http\Request))
#9 F:\wamp\www\laravel\vendor\laravel\framework\src\Illuminate\Pipeline\Pipeline.php(101): call_user_func(Object(Closure), Object(Illuminate\Http\Request))
#10 F:\wamp\www\laravel\vendor\laravel\framework\src\Illuminate\Routing\ControllerDispatcher.php(108): Illuminate\Pipeline\Pipeline->then(Object(Closure))
#11 F:\wamp\www\laravel\vendor\laravel\framework\src\Illuminate\Routing\ControllerDispatcher.php(67): Illuminate\Routing\ControllerDispatcher->callWithinStack(Object(App\Http\Controllers\UserController), Object(Illuminate\Routing\Route), Object(Illuminate\Http\Request), 'signup')
#12 F:\wamp\www\laravel\vendor\laravel\framework\src\Illuminate\Routing\Route.php(204): Illuminate\Routing\ControllerDispatcher->dispatch(Object(Illuminate\Routing\Route), Object(Illuminate\Http\Request), 'App\\Http\\Contro...', 'signup')
#13 F:\wamp\www\laravel\vendor\laravel\framework\src\Illuminate\Routing\Route.php(134): Illuminate\Routing\Route->runWithCustomDispatcher(Object(Illuminate\Http\Request))
#14 F:\wamp\www\laravel\vendor\laravel\framework\src\Illuminate\Routing\Router.php(701): Illuminate\Routing\Route->run(Object(Illuminate\Http\Request))
#15 [internal function]: Illuminate\Routing\Router->Illuminate\Routing\{closure}(Object(Illuminate\Http\Request))
#16 F:\wamp\www\laravel\vendor\laravel\framework\src\Illuminate\Pipeline\Pipeline.php(141): call_user_func(Object(Closure), Object(Illuminate\Http\Request))
#17 [internal function]: Illuminate\Pipeline\Pipeline->Illuminate\Pipeline\{closure}(Object(Illuminate\Http\Request))
#18 F:\wamp\www\laravel\vendor\laravel\framework\src\Illuminate\Pipeline\Pipeline.php(101): call_user_func(Object(Closure), Object(Illuminate\Http\Request))
#19 F:\wamp\www\laravel\vendor\laravel\framework\src\Illuminate\Routing\Router.php(703): Illuminate\Pipeline\Pipeline->then(Object(Closure))
#20 F:\wamp\www\laravel\vendor\laravel\framework\src\Illuminate\Routing\Router.php(670): Illuminate\Routing\Router->runRouteWithinStack(Object(Illuminate\Routing\Route), Object(Illuminate\Http\Request))
#21 F:\wamp\www\laravel\vendor\laravel\framework\src\Illuminate\Routing\Router.php(628): Illuminate\Routing\Router->dispatchToRoute(Object(Illuminate\Http\Request))
#22 F:\wamp\www\laravel\vendor\laravel\framework\src\Illuminate\Foundation\Http\Kernel.php(214): Illuminate\Routing\Router->dispatch(Object(Illuminate\Http\Request))
#23 [internal function]: Illuminate\Foundation\Http\Kernel->Illuminate\Foundation\Http\{closure}(Object(Illuminate\Http\Request))
#24 F:\wamp\www\laravel\vendor\laravel\framework\src\Illuminate\Pipeline\Pipeline.php(141): call_user_func(Object(Closure), Object(Illuminate\Http\Request))
#25 F:\wamp\www\laravel\vendor\laravel\framework\src\Illuminate\View\Middleware\ShareErrorsFromSession.php(55): Illuminate\Pipeline\Pipeline->Illuminate\Pipeline\{closure}(Object(Illuminate\Http\Request))
#26 F:\wamp\www\laravel\vendor\laravel\framework\src\Illuminate\Pipeline\Pipeline.php(125): Illuminate\View\Middleware\ShareErrorsFromSession->handle(Object(Illuminate\Http\Request), Object(Closure))
#27 F:\wamp\www\laravel\vendor\laravel\framework\src\Illuminate\Session\Middleware\StartSession.php(61): Illuminate\Pipeline\Pipeline->Illuminate\Pipeline\{closure}(Object(Illuminate\Http\Request))
#28 F:\wamp\www\laravel\vendor\laravel\framework\src\Illuminate\Pipeline\Pipeline.php(125): Illuminate\Session\Middleware\StartSession->handle(Object(Illuminate\Http\Request), Object(Closure))
#29 F:\wamp\www\laravel\vendor\laravel\framework\src\Illuminate\Cookie\Middleware\AddQueuedCookiesToResponse.php(36): Illuminate\Pipeline\Pipeline->Illuminate\Pipeline\{closure}(Object(Illuminate\Http\Request))
#30 F:\wamp\www\laravel\vendor\laravel\framework\src\Illuminate\Pipeline\Pipeline.php(125): Illuminate\Cookie\Middleware\AddQueuedCookiesToResponse->handle(Object(Illuminate\Http\Request), Object(Closure))
#31 F:\wamp\www\laravel\vendor\laravel\framework\src\Illuminate\Cookie\Middleware\EncryptCookies.php(40): Illuminate\Pipeline\Pipeline->Illuminate\Pipeline\{closure}(Object(Illuminate\Http\Request))
#32 F:\wamp\www\laravel\vendor\laravel\framework\src\Illuminate\Pipeline\Pipeline.php(125): Illuminate\Cookie\Middleware\EncryptCookies->handle(Object(Illuminate\Http\Request), Object(Closure))
#33 F:\wamp\www\laravel\vendor\laravel\framework\src\Illuminate\Foundation\Http\Middleware\CheckForMaintenanceMode.php(42): Illuminate\Pipeline\Pipeline->Illuminate\Pipeline\{closure}(Object(Illuminate\Http\Request))
#34 F:\wamp\www\laravel\vendor\laravel\framework\src\Illuminate\Pipeline\Pipeline.php(125): Illuminate\Foundation\Http\Middleware\CheckForMaintenanceMode->handle(Object(Illuminate\Http\Request), Object(Closure))
#35 [internal function]: Illuminate\Pipeline\Pipeline->Illuminate\Pipeline\{closure}(Object(Illuminate\Http\Request))
#36 F:\wamp\www\laravel\vendor\laravel\framework\src\Illuminate\Pipeline\Pipeline.php(101): call_user_func(Object(Closure), Object(Illuminate\Http\Request))
#37 F:\wamp\www\laravel\vendor\laravel\framework\src\Illuminate\Foundation\Http\Kernel.php(115): Illuminate\Pipeline\Pipeline->then(Object(Closure))
#38 F:\wamp\www\laravel\vendor\laravel\framework\src\Illuminate\Foundation\Http\Kernel.php(84): Illuminate\Foundation\Http\Kernel->sendRequestThroughRouter(Object(Illuminate\Http\Request))
#39 F:\wamp\www\laravel\public\index.php(53): Illuminate\Foundation\Http\Kernel->handle(Object(Illuminate\Http\Request))
#40 {main}  
[2016-01-16 20:45:05] production.ERROR: exception 'ErrorException' with message 'Argument 1 passed to Illuminate\Database\Query\Builder::update() must be of the type array, string given, called in F:\wamp\www\laravel\app\Http\Controllers\CampaignController.php on line 108 and defined' in F:\wamp\www\laravel\vendor\laravel\framework\src\Illuminate\Database\Query\Builder.php:1734
Stack trace:
#0 F:\wamp\www\laravel\vendor\laravel\framework\src\Illuminate\Database\Query\Builder.php(1734): Illuminate\Foundation\Bootstrap\HandleExceptions->handleError(4096, 'Argument 1 pass...', 'F:\\wamp\\www\\lar...', 1734, Array)
#1 F:\wamp\www\laravel\app\Http\Controllers\CampaignController.php(108): Illuminate\Database\Query\Builder->update('status', '2')
#2 [internal function]: App\Http\Controllers\CampaignController->campaign_status()
#3 F:\wamp\www\laravel\vendor\laravel\framework\src\Illuminate\Routing\Controller.php(246): call_user_func_array(Array, Array)
#4 F:\wamp\www\laravel\vendor\laravel\framework\src\Illuminate\Routing\ControllerDispatcher.php(162): Illuminate\Routing\Controller->callAction('campaign_status', Array)
#5 F:\wamp\www\laravel\vendor\laravel\framework\src\Illuminate\Routing\ControllerDispatcher.php(107): Illuminate\Routing\ControllerDispatcher->call(Object(App\Http\Controllers\CampaignController), Object(Illuminate\Routing\Route), 'campaign_status')
#6 [internal function]: Illuminate\Routing\ControllerDispatcher->Illuminate\Routing\{closure}(Object(Illuminate\Http\Request))
#7 F:\wamp\www\laravel\vendor\laravel\framework\src\Illuminate\Pipeline\Pipeline.php(141): call_user_func(Object(Closure), Object(Illuminate\Http\Request))
#8 [internal function]: Illuminate\Pipeline\Pipeline->Illuminate\Pipeline\{closure}(Object(Illuminate\Http\Request))
#9 F:\wamp\www\laravel\vendor\laravel\framework\src\Illuminate\Pipeline\Pipeline.php(101): call_user_func(Object(Closure), Object(Illuminate\Http\Request))
#10 F:\wamp\www\laravel\vendor\laravel\framework\src\Illuminate\Routing\ControllerDispatcher.php(108): Illuminate\Pipeline\Pipeline->then(Object(Closure))
#11 F:\wamp\www\laravel\vendor\laravel\framework\src\Illuminate\Routing\ControllerDispatcher.php(67): Illuminate\Routing\ControllerDispatcher->callWithinStack(Object(App\Http\Controllers\CampaignController), Object(Illuminate\Routing\Route), Object(Illuminate\Http\Request), 'campaign_status')
#12 F:\wamp\www\laravel\vendor\laravel\framework\src\Illuminate\Routing\Route.php(204): Illuminate\Routing\ControllerDispatcher->dispatch(Object(Illuminate\Routing\Route), Object(Illuminate\Http\Request), 'App\\Http\\Contro...', 'campaign_status')
#13 F:\wamp\www\laravel\vendor\laravel\framework\src\Illuminate\Routing\Route.php(134): Illuminate\Routing\Route->runWithCustomDispatcher(Object(Illuminate\Http\Request))
#14 F:\wamp\www\laravel\vendor\laravel\framework\src\Illuminate\Routing\Router.php(701): Illuminate\Routing\Route->run(Object(Illuminate\Http\Request))
#15 [internal function]: Illuminate\Routing\Router->Illuminate\Routing\{closure}(Object(Illuminate\Http\Request))
#16 F:\wamp\www\laravel\vendor\laravel\framework\src\Illuminate\Pipeline\Pipeline.php(141): call_user_func(Object(Closure), Object(Illuminate\Http\Request))
#17 [internal function]: Illuminate\Pipeline\Pipeline->Illuminate\Pipeline\{closure}(Object(Illuminate\Http\Request))
#18 F:\wamp\www\laravel\vendor\laravel\framework\src\Illuminate\Pipeline\Pipeline.php(101): call_user_func(Object(Closure), Object(Illuminate\Http\Request))
#19 F:\wamp\www\laravel\vendor\laravel\framework\src\Illuminate\Routing\Router.php(703): Illuminate\Pipeline\Pipeline->then(Object(Closure))
#20 F:\wamp\www\laravel\vendor\laravel\framework\src\Illuminate\Routing\Router.php(670): Illuminate\Routing\Router->runRouteWithinStack(Object(Illuminate\Routing\Route), Object(Illuminate\Http\Request))
#21 F:\wamp\www\laravel\vendor\laravel\framework\src\Illuminate\Routing\Router.php(628): Illuminate\Routing\Router->dispatchToRoute(Object(Illuminate\Http\Request))
#22 F:\wamp\www\laravel\vendor\laravel\framework\src\Illuminate\Foundation\Http\Kernel.php(214): Illuminate\Routing\Router->dispatch(Object(Illuminate\Http\Request))
#23 [internal function]: Illuminate\Foundation\Http\Kernel->Illuminate\Foundation\Http\{closure}(Object(Illuminate\Http\Request))
#24 F:\wamp\www\laravel\vendor\laravel\framework\src\Illuminate\Pipeline\Pipeline.php(141): call_user_func(Object(Closure), Object(Illuminate\Http\Request))
#25 F:\wamp\www\laravel\vendor\laravel\framework\src\Illuminate\View\Middleware\ShareErrorsFromSession.php(55): Illuminate\Pipeline\Pipeline->Illuminate\Pipeline\{closure}(Object(Illuminate\Http\Request))
#26 F:\wamp\www\laravel\vendor\laravel\framework\src\Illuminate\Pipeline\Pipeline.php(125): Illuminate\View\Middleware\ShareErrorsFromSession->handle(Object(Illuminate\Http\Request), Object(Closure))
#27 F:\wamp\www\laravel\vendor\laravel\framework\src\Illuminate\Session\Middleware\StartSession.php(61): Illuminate\Pipeline\Pipeline->Illuminate\Pipeline\{closure}(Object(Illuminate\Http\Request))
#28 F:\wamp\www\laravel\vendor\laravel\framework\src\Illuminate\Pipeline\Pipeline.php(125): Illuminate\Session\Middleware\StartSession->handle(Object(Illuminate\Http\Request), Object(Closure))
#29 F:\wamp\www\laravel\vendor\laravel\framework\src\Illuminate\Cookie\Middleware\AddQueuedCookiesToResponse.php(36): Illuminate\Pipeline\Pipeline->Illuminate\Pipeline\{closure}(Object(Illuminate\Http\Request))
#30 F:\wamp\www\laravel\vendor\laravel\framework\src\Illuminate\Pipeline\Pipeline.php(125): Illuminate\Cookie\Middleware\AddQueuedCookiesToResponse->handle(Object(Illuminate\Http\Request), Object(Closure))
#31 F:\wamp\www\laravel\vendor\laravel\framework\src\Illuminate\Cookie\Middleware\EncryptCookies.php(40): Illuminate\Pipeline\Pipeline->Illuminate\Pipeline\{closure}(Object(Illuminate\Http\Request))
#32 F:\wamp\www\laravel\vendor\laravel\framework\src\Illuminate\Pipeline\Pipeline.php(125): Illuminate\Cookie\Middleware\EncryptCookies->handle(Object(Illuminate\Http\Request), Object(Closure))
#33 F:\wamp\www\laravel\vendor\laravel\framework\src\Illuminate\Foundation\Http\Middleware\CheckForMaintenanceMode.php(42): Illuminate\Pipeline\Pipeline->Illuminate\Pipeline\{closure}(Object(Illuminate\Http\Request))
#34 F:\wamp\www\laravel\vendor\laravel\framework\src\Illuminate\Pipeline\Pipeline.php(125): Illuminate\Foundation\Http\Middleware\CheckForMaintenanceMode->handle(Object(Illuminate\Http\Request), Object(Closure))
#35 [internal function]: Illuminate\Pipeline\Pipeline->Illuminate\Pipeline\{closure}(Object(Illuminate\Http\Request))
#36 F:\wamp\www\laravel\vendor\laravel\framework\src\Illuminate\Pipeline\Pipeline.php(101): call_user_func(Object(Closure), Object(Illuminate\Http\Request))
#37 F:\wamp\www\laravel\vendor\laravel\framework\src\Illuminate\Foundation\Http\Kernel.php(115): Illuminate\Pipeline\Pipeline->then(Object(Closure))
#38 F:\wamp\www\laravel\vendor\laravel\framework\src\Illuminate\Foundation\Http\Kernel.php(84): Illuminate\Foundation\Http\Kernel->sendRequestThroughRouter(Object(Illuminate\Http\Request))
#39 F:\wamp\www\laravel\public\index.php(53): Illuminate\Foundation\Http\Kernel->handle(Object(Illuminate\Http\Request))
#40 {main}  
